2016-09-05 17:12:26.089  INFO 4784 --- [main] com.zym.Application                      : Starting Application on NS80011422 with PID 4784 (E:\project\z-blog\target\classes started by 80011422 in E:\project\z-blog)
2016-09-05 17:12:26.091  INFO 4784 --- [main] com.zym.Application                      : No active profile set, falling back to default profiles: default
2016-09-05 17:12:26.153  INFO 4784 --- [main] ationConfigEmbeddedWebApplicationContext : Refreshing org.springframework.boot.context.embedded.AnnotationConfigEmbeddedWebApplicationContext@165b163d: startup date [Mon Sep 05 17:12:26 CST 2016]; root of context hierarchy
2016-09-05 17:12:27.021  INFO 4784 --- [main] trationDelegate$BeanPostProcessorChecker : Bean 'org.springframework.transaction.annotation.ProxyTransactionManagementConfiguration' of type [class org.springframework.transaction.annotation.ProxyTransactionManagementConfiguration$$EnhancerBySpringCGLIB$$cc577b9a] is not eligible for getting processed by all BeanPostProcessors (for example: not eligible for auto-proxying)
2016-09-05 17:12:27.413  INFO 4784 --- [main] s.b.c.e.t.TomcatEmbeddedServletContainer : Tomcat initialized with port(s): 8090 (http)
2016-09-05 17:12:27.422  INFO 4784 --- [main] o.apache.catalina.core.StandardService   : Starting service Tomcat
2016-09-05 17:12:27.423  INFO 4784 --- [main] org.apache.catalina.core.StandardEngine  : Starting Servlet Engine: Apache Tomcat/8.0.36
2016-09-05 17:12:27.681  INFO 4784 --- [localhost-startStop-1] org.apache.jasper.servlet.TldScanner     : At least one JAR was scanned for TLDs yet contained no TLDs. Enable debug logging for this logger for a complete list of JARs that were scanned but no TLDs were found in them. Skipping unneeded JARs during scanning can improve startup time and JSP compilation time.
2016-09-05 17:12:27.685  INFO 4784 --- [localhost-startStop-1] o.a.c.c.C.[Tomcat].[localhost].[/]       : Initializing Spring embedded WebApplicationContext
2016-09-05 17:12:27.686  INFO 4784 --- [localhost-startStop-1] o.s.web.context.ContextLoader            : Root WebApplicationContext: initialization completed in 1560 ms
2016-09-05 17:12:27.931  INFO 4784 --- [localhost-startStop-1] o.s.b.c.e.ServletRegistrationBean        : Mapping servlet: 'dispatcherServlet' to [/]
2016-09-05 17:12:27.934  INFO 4784 --- [localhost-startStop-1] o.s.b.c.embedded.FilterRegistrationBean  : Mapping filter: 'characterEncodingFilter' to: [/*]
2016-09-05 17:12:27.934  INFO 4784 --- [localhost-startStop-1] o.s.b.c.embedded.FilterRegistrationBean  : Mapping filter: 'hiddenHttpMethodFilter' to: [/*]
2016-09-05 17:12:27.935  INFO 4784 --- [localhost-startStop-1] o.s.b.c.embedded.FilterRegistrationBean  : Mapping filter: 'httpPutFormContentFilter' to: [/*]
2016-09-05 17:12:27.935  INFO 4784 --- [localhost-startStop-1] o.s.b.c.embedded.FilterRegistrationBean  : Mapping filter: 'requestContextFilter' to: [/*]
2016-09-05 17:12:28.399  INFO 4784 --- [main] s.w.s.m.m.a.RequestMappingHandlerAdapter : Looking for @ControllerAdvice: org.springframework.boot.context.embedded.AnnotationConfigEmbeddedWebApplicationContext@165b163d: startup date [Mon Sep 05 17:12:26 CST 2016]; root of context hierarchy
2016-09-05 17:12:28.462  INFO 4784 --- [main] s.w.s.m.m.a.RequestMappingHandlerMapping : Mapped "{[/get]}" onto public java.lang.Object com.zym.api.app.controller.BlogController.get(java.lang.Integer)
2016-09-05 17:12:28.463  INFO 4784 --- [main] s.w.s.m.m.a.RequestMappingHandlerMapping : Mapped "{[/all]}" onto public java.lang.Object com.zym.api.app.controller.BlogController.getAll()
2016-09-05 17:12:28.464  INFO 4784 --- [main] s.w.s.m.m.a.RequestMappingHandlerMapping : Mapped "{[/]}" onto java.lang.Object com.zym.api.app.controller.TestController.index()
2016-09-05 17:12:28.464  INFO 4784 --- [main] s.w.s.m.m.a.RequestMappingHandlerMapping : Mapped "{[/helloJsp]}" onto public java.lang.String com.zym.api.app.controller.TestController.helloJsp(java.util.Map<java.lang.String, java.lang.Object>)
2016-09-05 17:12:28.466  INFO 4784 --- [main] s.w.s.m.m.a.RequestMappingHandlerMapping : Mapped "{[/error]}" onto public org.springframework.http.ResponseEntity<java.util.Map<java.lang.String, java.lang.Object>> org.springframework.boot.autoconfigure.web.BasicErrorController.error(javax.servlet.http.HttpServletRequest)
2016-09-05 17:12:28.466  INFO 4784 --- [main] s.w.s.m.m.a.RequestMappingHandlerMapping : Mapped "{[/error],produces=[text/html]}" onto public org.springframework.web.servlet.ModelAndView org.springframework.boot.autoconfigure.web.BasicErrorController.errorHtml(javax.servlet.http.HttpServletRequest,javax.servlet.http.HttpServletResponse)
2016-09-05 17:12:28.495  INFO 4784 --- [main] o.s.w.s.handler.SimpleUrlHandlerMapping  : Mapped URL path [/webjars/**] onto handler of type [class org.springframework.web.servlet.resource.ResourceHttpRequestHandler]
2016-09-05 17:12:28.495  INFO 4784 --- [main] o.s.w.s.handler.SimpleUrlHandlerMapping  : Mapped URL path [/**] onto handler of type [class org.springframework.web.servlet.resource.ResourceHttpRequestHandler]
2016-09-05 17:12:28.545  INFO 4784 --- [main] o.s.w.s.handler.SimpleUrlHandlerMapping  : Mapped URL path [/**/favicon.ico] onto handler of type [class org.springframework.web.servlet.resource.ResourceHttpRequestHandler]
2016-09-05 17:12:28.782  INFO 4784 --- [main] o.s.j.e.a.AnnotationMBeanExporter        : Registering beans for JMX exposure on startup
2016-09-05 17:12:28.858  INFO 4784 --- [main] s.b.c.e.t.TomcatEmbeddedServletContainer : Tomcat started on port(s): 8090 (http)
2016-09-05 17:12:28.863  INFO 4784 --- [main] com.zym.Application                      : Started Application in 3.096 seconds (JVM running for 5.915)
2016-09-05 17:12:42.905  INFO 4784 --- [http-nio-8090-exec-1] o.a.c.c.C.[Tomcat].[localhost].[/]       : Initializing Spring FrameworkServlet 'dispatcherServlet'
2016-09-05 17:12:42.905  INFO 4784 --- [http-nio-8090-exec-1] o.s.web.servlet.DispatcherServlet        : FrameworkServlet 'dispatcherServlet': initialization started
2016-09-05 17:12:42.916  INFO 4784 --- [http-nio-8090-exec-1] o.s.web.servlet.DispatcherServlet        : FrameworkServlet 'dispatcherServlet': initialization completed in 11 ms
2016-09-05 17:14:07.487  INFO 5652 --- [main] com.zym.Application                      : Starting Application on NS80011422 with PID 5652 (E:\project\z-blog\target\classes started by 80011422 in E:\project\z-blog)
2016-09-05 17:14:07.489  INFO 5652 --- [main] com.zym.Application                      : No active profile set, falling back to default profiles: default
2016-09-05 17:14:07.520  INFO 5652 --- [main] ationConfigEmbeddedWebApplicationContext : Refreshing org.springframework.boot.context.embedded.AnnotationConfigEmbeddedWebApplicationContext@73d56e9b: startup date [Mon Sep 05 17:14:07 CST 2016]; root of context hierarchy
2016-09-05 17:14:08.297  INFO 5652 --- [main] trationDelegate$BeanPostProcessorChecker : Bean 'org.springframework.transaction.annotation.ProxyTransactionManagementConfiguration' of type [class org.springframework.transaction.annotation.ProxyTransactionManagementConfiguration$$EnhancerBySpringCGLIB$$50cdb4fd] is not eligible for getting processed by all BeanPostProcessors (for example: not eligible for auto-proxying)
2016-09-05 17:14:08.595  INFO 5652 --- [main] s.b.c.e.t.TomcatEmbeddedServletContainer : Tomcat initialized with port(s): 8090 (http)
2016-09-05 17:14:08.603  INFO 5652 --- [main] o.apache.catalina.core.StandardService   : Starting service Tomcat
2016-09-05 17:14:08.604  INFO 5652 --- [main] org.apache.catalina.core.StandardEngine  : Starting Servlet Engine: Apache Tomcat/8.0.36
2016-09-05 17:14:08.892  INFO 5652 --- [localhost-startStop-1] org.apache.jasper.servlet.TldScanner     : At least one JAR was scanned for TLDs yet contained no TLDs. Enable debug logging for this logger for a complete list of JARs that were scanned but no TLDs were found in them. Skipping unneeded JARs during scanning can improve startup time and JSP compilation time.
2016-09-05 17:14:08.895  INFO 5652 --- [localhost-startStop-1] o.a.c.c.C.[Tomcat].[localhost].[/]       : Initializing Spring embedded WebApplicationContext
2016-09-05 17:14:08.896  INFO 5652 --- [localhost-startStop-1] o.s.web.context.ContextLoader            : Root WebApplicationContext: initialization completed in 1378 ms
2016-09-05 17:14:09.114  INFO 5652 --- [localhost-startStop-1] o.s.b.c.e.ServletRegistrationBean        : Mapping servlet: 'dispatcherServlet' to [/]
2016-09-05 17:14:09.117  INFO 5652 --- [localhost-startStop-1] o.s.b.c.embedded.FilterRegistrationBean  : Mapping filter: 'characterEncodingFilter' to: [/*]
2016-09-05 17:14:09.117  INFO 5652 --- [localhost-startStop-1] o.s.b.c.embedded.FilterRegistrationBean  : Mapping filter: 'hiddenHttpMethodFilter' to: [/*]
2016-09-05 17:14:09.117  INFO 5652 --- [localhost-startStop-1] o.s.b.c.embedded.FilterRegistrationBean  : Mapping filter: 'httpPutFormContentFilter' to: [/*]
2016-09-05 17:14:09.117  INFO 5652 --- [localhost-startStop-1] o.s.b.c.embedded.FilterRegistrationBean  : Mapping filter: 'requestContextFilter' to: [/*]
2016-09-05 17:14:09.524  INFO 5652 --- [main] s.w.s.m.m.a.RequestMappingHandlerAdapter : Looking for @ControllerAdvice: org.springframework.boot.context.embedded.AnnotationConfigEmbeddedWebApplicationContext@73d56e9b: startup date [Mon Sep 05 17:14:07 CST 2016]; root of context hierarchy
2016-09-05 17:14:09.575  INFO 5652 --- [main] s.w.s.m.m.a.RequestMappingHandlerMapping : Mapped "{[/get]}" onto public java.lang.Object com.zym.api.app.controller.BlogController.get(java.lang.Integer)
2016-09-05 17:14:09.576  INFO 5652 --- [main] s.w.s.m.m.a.RequestMappingHandlerMapping : Mapped "{[/all]}" onto public java.lang.Object com.zym.api.app.controller.BlogController.getAll()
2016-09-05 17:14:09.577  INFO 5652 --- [main] s.w.s.m.m.a.RequestMappingHandlerMapping : Mapped "{[/]}" onto java.lang.Object com.zym.api.app.controller.TestController.index()
2016-09-05 17:14:09.577  INFO 5652 --- [main] s.w.s.m.m.a.RequestMappingHandlerMapping : Mapped "{[/helloJsp]}" onto public java.lang.String com.zym.api.app.controller.TestController.helloJsp(java.util.Map<java.lang.String, java.lang.Object>)
2016-09-05 17:14:09.579  INFO 5652 --- [main] s.w.s.m.m.a.RequestMappingHandlerMapping : Mapped "{[/error]}" onto public org.springframework.http.ResponseEntity<java.util.Map<java.lang.String, java.lang.Object>> org.springframework.boot.autoconfigure.web.BasicErrorController.error(javax.servlet.http.HttpServletRequest)
2016-09-05 17:14:09.580  INFO 5652 --- [main] s.w.s.m.m.a.RequestMappingHandlerMapping : Mapped "{[/error],produces=[text/html]}" onto public org.springframework.web.servlet.ModelAndView org.springframework.boot.autoconfigure.web.BasicErrorController.errorHtml(javax.servlet.http.HttpServletRequest,javax.servlet.http.HttpServletResponse)
2016-09-05 17:14:09.602  INFO 5652 --- [main] o.s.w.s.handler.SimpleUrlHandlerMapping  : Mapped URL path [/webjars/**] onto handler of type [class org.springframework.web.servlet.resource.ResourceHttpRequestHandler]
2016-09-05 17:14:09.603  INFO 5652 --- [main] o.s.w.s.handler.SimpleUrlHandlerMapping  : Mapped URL path [/**] onto handler of type [class org.springframework.web.servlet.resource.ResourceHttpRequestHandler]
2016-09-05 17:14:09.641  INFO 5652 --- [main] o.s.w.s.handler.SimpleUrlHandlerMapping  : Mapped URL path [/**/favicon.ico] onto handler of type [class org.springframework.web.servlet.resource.ResourceHttpRequestHandler]
2016-09-05 17:14:09.844  INFO 5652 --- [main] o.s.j.e.a.AnnotationMBeanExporter        : Registering beans for JMX exposure on startup
2016-09-05 17:14:09.877 ERROR 5652 --- [main] o.a.coyote.http11.Http11NioProtocol      : Failed to start end point associated with ProtocolHandler ["http-nio-8090"]

java.net.BindException: Address already in use: bind
	at sun.nio.ch.Net.bind0(Native Method)
	at sun.nio.ch.Net.bind(Net.java:444)
	at sun.nio.ch.Net.bind(Net.java:436)
	at sun.nio.ch.ServerSocketChannelImpl.bind(ServerSocketChannelImpl.java:214)
	at sun.nio.ch.ServerSocketAdaptor.bind(ServerSocketAdaptor.java:74)
	at org.apache.tomcat.util.net.NioEndpoint.bind(NioEndpoint.java:351)
	at org.apache.tomcat.util.net.AbstractEndpoint.start(AbstractEndpoint.java:763)
	at org.apache.coyote.AbstractProtocol.start(AbstractProtocol.java:474)
	at org.apache.catalina.connector.Connector.startInternal(Connector.java:986)
	at org.apache.catalina.util.LifecycleBase.start(LifecycleBase.java:147)
	at org.apache.catalina.core.StandardService.addConnector(StandardService.java:239)
	at org.springframework.boot.context.embedded.tomcat.TomcatEmbeddedServletContainer.addPreviouslyRemovedConnectors(TomcatEmbeddedServletContainer.java:194)
	at org.springframework.boot.context.embedded.tomcat.TomcatEmbeddedServletContainer.start(TomcatEmbeddedServletContainer.java:151)
	at org.springframework.boot.context.embedded.EmbeddedWebApplicationContext.startEmbeddedServletContainer(EmbeddedWebApplicationContext.java:293)
	at org.springframework.boot.context.embedded.EmbeddedWebApplicationContext.finishRefresh(EmbeddedWebApplicationContext.java:141)
	at org.springframework.context.support.AbstractApplicationContext.refresh(AbstractApplicationContext.java:541)
	at org.springframework.boot.context.embedded.EmbeddedWebApplicationContext.refresh(EmbeddedWebApplicationContext.java:118)
	at org.springframework.boot.SpringApplication.refresh(SpringApplication.java:760)
	at org.springframework.boot.SpringApplication.createAndRefreshContext(SpringApplication.java:360)
	at org.springframework.boot.SpringApplication.run(SpringApplication.java:306)
	at org.springframework.boot.SpringApplication.run(SpringApplication.java:1185)
	at org.springframework.boot.SpringApplication.run(SpringApplication.java:1174)
	at com.zym.Application.main(Application.java:14)
	at sun.reflect.NativeMethodAccessorImpl.invoke0(Native Method)
	at sun.reflect.NativeMethodAccessorImpl.invoke(NativeMethodAccessorImpl.java:57)
	at sun.reflect.DelegatingMethodAccessorImpl.invoke(DelegatingMethodAccessorImpl.java:43)
	at java.lang.reflect.Method.invoke(Method.java:606)
	at org.springframework.boot.maven.AbstractRunMojo$LaunchRunner.run(AbstractRunMojo.java:478)
	at java.lang.Thread.run(Thread.java:744)

2016-09-05 17:14:09.877 ERROR 5652 --- [main] o.apache.catalina.core.StandardService   : Failed to start connector [Connector[HTTP/1.1-8090]]

org.apache.catalina.LifecycleException: Failed to start component [Connector[HTTP/1.1-8090]]
	at org.apache.catalina.util.LifecycleBase.start(LifecycleBase.java:153)
	at org.apache.catalina.core.StandardService.addConnector(StandardService.java:239)
	at org.springframework.boot.context.embedded.tomcat.TomcatEmbeddedServletContainer.addPreviouslyRemovedConnectors(TomcatEmbeddedServletContainer.java:194)
	at org.springframework.boot.context.embedded.tomcat.TomcatEmbeddedServletContainer.start(TomcatEmbeddedServletContainer.java:151)
	at org.springframework.boot.context.embedded.EmbeddedWebApplicationContext.startEmbeddedServletContainer(EmbeddedWebApplicationContext.java:293)
	at org.springframework.boot.context.embedded.EmbeddedWebApplicationContext.finishRefresh(EmbeddedWebApplicationContext.java:141)
	at org.springframework.context.support.AbstractApplicationContext.refresh(AbstractApplicationContext.java:541)
	at org.springframework.boot.context.embedded.EmbeddedWebApplicationContext.refresh(EmbeddedWebApplicationContext.java:118)
	at org.springframework.boot.SpringApplication.refresh(SpringApplication.java:760)
	at org.springframework.boot.SpringApplication.createAndRefreshContext(SpringApplication.java:360)
	at org.springframework.boot.SpringApplication.run(SpringApplication.java:306)
	at org.springframework.boot.SpringApplication.run(SpringApplication.java:1185)
	at org.springframework.boot.SpringApplication.run(SpringApplication.java:1174)
	at com.zym.Application.main(Application.java:14)
	at sun.reflect.NativeMethodAccessorImpl.invoke0(Native Method)
	at sun.reflect.NativeMethodAccessorImpl.invoke(NativeMethodAccessorImpl.java:57)
	at sun.reflect.DelegatingMethodAccessorImpl.invoke(DelegatingMethodAccessorImpl.java:43)
	at java.lang.reflect.Method.invoke(Method.java:606)
	at org.springframework.boot.maven.AbstractRunMojo$LaunchRunner.run(AbstractRunMojo.java:478)
	at java.lang.Thread.run(Thread.java:744)
Caused by: org.apache.catalina.LifecycleException: service.getName(): "Tomcat";  Protocol handler start failed
	at org.apache.catalina.connector.Connector.startInternal(Connector.java:993)
	at org.apache.catalina.util.LifecycleBase.start(LifecycleBase.java:147)
	... 19 common frames omitted
Caused by: java.net.BindException: Address already in use: bind
	at sun.nio.ch.Net.bind0(Native Method)
	at sun.nio.ch.Net.bind(Net.java:444)
	at sun.nio.ch.Net.bind(Net.java:436)
	at sun.nio.ch.ServerSocketChannelImpl.bind(ServerSocketChannelImpl.java:214)
	at sun.nio.ch.ServerSocketAdaptor.bind(ServerSocketAdaptor.java:74)
	at org.apache.tomcat.util.net.NioEndpoint.bind(NioEndpoint.java:351)
	at org.apache.tomcat.util.net.AbstractEndpoint.start(AbstractEndpoint.java:763)
	at org.apache.coyote.AbstractProtocol.start(AbstractProtocol.java:474)
	at org.apache.catalina.connector.Connector.startInternal(Connector.java:986)
	... 20 common frames omitted

2016-09-05 17:14:09.893  INFO 5652 --- [main] o.apache.catalina.core.StandardService   : Stopping service Tomcat
2016-09-05 17:14:09.900  WARN 5652 --- [localhost-startStop-1] o.a.c.loader.WebappClassLoaderBase       : The web application [ROOT] appears to have started a thread named [Abandoned connection cleanup thread] but has failed to stop it. This is very likely to create a memory leak. Stack trace of thread:
 java.lang.Object.wait(Native Method)
 java.lang.ref.ReferenceQueue.remove(ReferenceQueue.java:135)
 java.lang.ref.ReferenceQueue.remove(ReferenceQueue.java:151)
 com.mysql.jdbc.NonRegisteringDriver$1.run(NonRegisteringDriver.java:93)
2016-09-05 17:14:09.905 ERROR 5652 --- [main] o.s.boot.SpringApplication               : Application startup failed

org.springframework.boot.context.embedded.EmbeddedServletContainerException: Unable to start embedded Tomcat servlet container
	at org.springframework.boot.context.embedded.tomcat.TomcatEmbeddedServletContainer.start(TomcatEmbeddedServletContainer.java:165)
	at org.springframework.boot.context.embedded.EmbeddedWebApplicationContext.startEmbeddedServletContainer(EmbeddedWebApplicationContext.java:293)
	at org.springframework.boot.context.embedded.EmbeddedWebApplicationContext.finishRefresh(EmbeddedWebApplicationContext.java:141)
	at org.springframework.context.support.AbstractApplicationContext.refresh(AbstractApplicationContext.java:541)
	at org.springframework.boot.context.embedded.EmbeddedWebApplicationContext.refresh(EmbeddedWebApplicationContext.java:118)
	at org.springframework.boot.SpringApplication.refresh(SpringApplication.java:760)
	at org.springframework.boot.SpringApplication.createAndRefreshContext(SpringApplication.java:360)
	at org.springframework.boot.SpringApplication.run(SpringApplication.java:306)
	at org.springframework.boot.SpringApplication.run(SpringApplication.java:1185)
	at org.springframework.boot.SpringApplication.run(SpringApplication.java:1174)
	at com.zym.Application.main(Application.java:14)
	at sun.reflect.NativeMethodAccessorImpl.invoke0(Native Method)
	at sun.reflect.NativeMethodAccessorImpl.invoke(NativeMethodAccessorImpl.java:57)
	at sun.reflect.DelegatingMethodAccessorImpl.invoke(DelegatingMethodAccessorImpl.java:43)
	at java.lang.reflect.Method.invoke(Method.java:606)
	at org.springframework.boot.maven.AbstractRunMojo$LaunchRunner.run(AbstractRunMojo.java:478)
	at java.lang.Thread.run(Thread.java:744)
Caused by: java.lang.IllegalStateException: Tomcat connector in failed state
	at org.springframework.boot.context.embedded.tomcat.TomcatEmbeddedServletContainer.start(TomcatEmbeddedServletContainer.java:159)
	... 16 common frames omitted

2016-09-05 17:14:09.906  INFO 5652 --- [main] .b.l.ClasspathLoggingApplicationListener : Application failed to start with classpath: [file:/E:/project/z-blog/target/classes/, file:/C:/Users/80011422/.m2/repository/org/slf4j/log4j-over-slf4j/1.7.21/log4j-over-slf4j-1.7.21.jar, file:/C:/Users/80011422/.m2/repository/org/mybatis/mybatis-spring/1.3.0/mybatis-spring-1.3.0.jar, file:/C:/Users/80011422/.m2/repository/com/fasterxml/jackson/core/jackson-annotations/2.6.7/jackson-annotations-2.6.7.jar, file:/C:/Users/80011422/.m2/repository/org/mybatis/spring/boot/mybatis-spring-boot-starter/1.1.1/mybatis-spring-boot-starter-1.1.1.jar, file:/C:/Users/80011422/.m2/repository/com/fasterxml/jackson/core/jackson-core/2.6.7/jackson-core-2.6.7.jar, file:/C:/Users/80011422/.m2/repository/com/fasterxml/jackson/core/jackson-databind/2.6.7/jackson-databind-2.6.7.jar, file:/C:/Users/80011422/.m2/repository/org/apache/tomcat/embed/tomcat-embed-el/8.0.36/tomcat-embed-el-8.0.36.jar, file:/C:/Users/80011422/.m2/repository/org/yaml/snakeyaml/1.16/snakeyaml-1.16.jar, file:/C:/Users/80011422/.m2/repository/ch/qos/logback/logback-core/1.1.7/logback-core-1.1.7.jar, file:/C:/Users/80011422/.m2/repository/commons-dbcp/commons-dbcp/1.4/commons-dbcp-1.4.jar, file:/C:/Users/80011422/.m2/repository/com/github/pagehelper/pagehelper/4.1.6/pagehelper-4.1.6.jar, file:/C:/Users/80011422/.m2/repository/org/apache/tomcat/embed/tomcat-embed-core/8.0.36/tomcat-embed-core-8.0.36.jar, file:/C:/Users/80011422/.m2/repository/org/springframework/spring-core/4.2.7.RELEASE/spring-core-4.2.7.RELEASE.jar, file:/C:/Users/80011422/.m2/repository/org/springframework/boot/spring-boot-starter-aop/1.3.7.RELEASE/spring-boot-starter-aop-1.3.7.RELEASE.jar, file:/C:/Users/80011422/.m2/repository/org/springframework/spring-tx/4.2.7.RELEASE/spring-tx-4.2.7.RELEASE.jar, file:/C:/Users/80011422/.m2/repository/mysql/mysql-connector-java/5.1.21/mysql-connector-java-5.1.21.jar, file:/C:/Users/80011422/.m2/repository/org/springframework/spring-web/4.2.7.RELEASE/spring-web-4.2.7.RELEASE.jar, file:/C:/Users/80011422/.m2/repository/org/aspectj/aspectjweaver/1.8.9/aspectjweaver-1.8.9.jar, file:/C:/Users/80011422/.m2/repository/org/apache/tomcat/embed/tomcat-embed-jasper/8.0.36/tomcat-embed-jasper-8.0.36.jar, file:/C:/Users/80011422/.m2/repository/com/fasterxml/classmate/1.1.0/classmate-1.1.0.jar, file:/C:/Users/80011422/.m2/repository/aopalliance/aopalliance/1.0/aopalliance-1.0.jar, file:/C:/Users/80011422/.m2/repository/org/slf4j/slf4j-api/1.7.21/slf4j-api-1.7.21.jar, file:/C:/Users/80011422/.m2/repository/org/mybatis/spring/boot/mybatis-spring-boot-autoconfigure/1.1.1/mybatis-spring-boot-autoconfigure-1.1.1.jar, file:/C:/Users/80011422/.m2/repository/org/slf4j/jcl-over-slf4j/1.7.21/jcl-over-slf4j-1.7.21.jar, file:/C:/Users/80011422/.m2/repository/org/hibernate/hibernate-validator/5.2.4.Final/hibernate-validator-5.2.4.Final.jar, file:/C:/Users/80011422/.m2/repository/org/springframework/boot/spring-boot-starter-logging/1.3.7.RELEASE/spring-boot-starter-logging-1.3.7.RELEASE.jar, file:/C:/Users/80011422/.m2/repository/org/springframework/boot/spring-boot-starter-tomcat/1.3.7.RELEASE/spring-boot-starter-tomcat-1.3.7.RELEASE.jar, file:/C:/Users/80011422/.m2/repository/org/springframework/boot/spring-boot-starter-validation/1.3.7.RELEASE/spring-boot-starter-validation-1.3.7.RELEASE.jar, file:/C:/Users/80011422/.m2/repository/com/github/jsqlparser/jsqlparser/0.9.5/jsqlparser-0.9.5.jar, file:/C:/Users/80011422/.m2/repository/org/apache/tomcat/embed/tomcat-embed-logging-juli/8.0.36/tomcat-embed-logging-juli-8.0.36.jar, file:/C:/Users/80011422/.m2/repository/org/springframework/spring-jdbc/4.2.7.RELEASE/spring-jdbc-4.2.7.RELEASE.jar, file:/C:/Users/80011422/.m2/repository/javax/validation/validation-api/1.1.0.Final/validation-api-1.1.0.Final.jar, file:/C:/Users/80011422/.m2/repository/org/springframework/boot/spring-boot-autoconfigure/1.3.7.RELEASE/spring-boot-autoconfigure-1.3.7.RELEASE.jar, file:/C:/Users/80011422/.m2/repository/org/apache/tomcat/embed/tomcat-embed-websocket/8.0.36/tomcat-embed-websocket-8.0.36.jar, file:/C:/Users/80011422/.m2/repository/org/mybatis/mybatis/3.4.0/mybatis-3.4.0.jar, file:/C:/Users/80011422/.m2/repository/org/jboss/logging/jboss-logging/3.3.0.Final/jboss-logging-3.3.0.Final.jar, file:/C:/Users/80011422/.m2/repository/org/apache/tomcat/tomcat-jdbc/8.0.36/tomcat-jdbc-8.0.36.jar, file:/C:/Users/80011422/.m2/repository/org/springframework/boot/spring-boot-starter-web/1.3.7.RELEASE/spring-boot-starter-web-1.3.7.RELEASE.jar, file:/C:/Users/80011422/.m2/repository/org/springframework/spring-beans/4.2.7.RELEASE/spring-beans-4.2.7.RELEASE.jar, file:/C:/Users/80011422/.m2/repository/javax/servlet/javax.servlet-api/3.1.0/javax.servlet-api-3.1.0.jar, file:/C:/Users/80011422/.m2/repository/org/springframework/boot/spring-boot/1.3.7.RELEASE/spring-boot-1.3.7.RELEASE.jar, file:/C:/Users/80011422/.m2/repository/commons-pool/commons-pool/1.6/commons-pool-1.6.jar, file:/C:/Users/80011422/.m2/repository/javax/servlet/jstl/1.2/jstl-1.2.jar, file:/C:/Users/80011422/.m2/repository/org/eclipse/jdt/core/compiler/ecj/4.5/ecj-4.5.jar, file:/C:/Users/80011422/.m2/repository/org/apache/tomcat/tomcat-juli/8.0.36/tomcat-juli-8.0.36.jar, file:/C:/Users/80011422/.m2/repository/org/springframework/boot/spring-boot-starter/1.3.7.RELEASE/spring-boot-starter-1.3.7.RELEASE.jar, file:/C:/Users/80011422/.m2/repository/org/springframework/spring-expression/4.2.7.RELEASE/spring-expression-4.2.7.RELEASE.jar, file:/C:/Users/80011422/.m2/repository/ch/qos/logback/logback-classic/1.1.7/logback-classic-1.1.7.jar, file:/C:/Users/80011422/.m2/repository/org/springframework/spring-aop/4.2.7.RELEASE/spring-aop-4.2.7.RELEASE.jar, file:/C:/Users/80011422/.m2/repository/org/springframework/boot/spring-boot-starter-jdbc/1.3.7.RELEASE/spring-boot-starter-jdbc-1.3.7.RELEASE.jar, file:/C:/Users/80011422/.m2/repository/org/slf4j/jul-to-slf4j/1.7.21/jul-to-slf4j-1.7.21.jar, file:/C:/Users/80011422/.m2/repository/org/springframework/spring-webmvc/4.2.7.RELEASE/spring-webmvc-4.2.7.RELEASE.jar, file:/C:/Users/80011422/.m2/repository/org/springframework/spring-context/4.2.7.RELEASE/spring-context-4.2.7.RELEASE.jar]
2016-09-05 17:26:40.864  INFO 6976 --- [main] com.zym.Application                      : Starting Application on NS80011422 with PID 6976 (E:\project\z-blog\target\classes started by 80011422 in E:\project\z-blog)
2016-09-05 17:26:40.867  INFO 6976 --- [main] com.zym.Application                      : No active profile set, falling back to default profiles: default
2016-09-05 17:26:40.904  INFO 6976 --- [main] ationConfigEmbeddedWebApplicationContext : Refreshing org.springframework.boot.context.embedded.AnnotationConfigEmbeddedWebApplicationContext@23ecbe2d: startup date [Mon Sep 05 17:26:40 CST 2016]; root of context hierarchy
2016-09-05 17:26:41.821  INFO 6976 --- [main] trationDelegate$BeanPostProcessorChecker : Bean 'org.springframework.transaction.annotation.ProxyTransactionManagementConfiguration' of type [class org.springframework.transaction.annotation.ProxyTransactionManagementConfiguration$$EnhancerBySpringCGLIB$$a7ac6400] is not eligible for getting processed by all BeanPostProcessors (for example: not eligible for auto-proxying)
2016-09-05 17:26:42.230  INFO 6976 --- [main] s.b.c.e.t.TomcatEmbeddedServletContainer : Tomcat initialized with port(s): 8090 (http)
2016-09-05 17:26:42.241  INFO 6976 --- [main] o.apache.catalina.core.StandardService   : Starting service Tomcat
2016-09-05 17:26:42.242  INFO 6976 --- [main] org.apache.catalina.core.StandardEngine  : Starting Servlet Engine: Apache Tomcat/8.0.36
2016-09-05 17:26:42.507  INFO 6976 --- [localhost-startStop-1] org.apache.jasper.servlet.TldScanner     : At least one JAR was scanned for TLDs yet contained no TLDs. Enable debug logging for this logger for a complete list of JARs that were scanned but no TLDs were found in them. Skipping unneeded JARs during scanning can improve startup time and JSP compilation time.
2016-09-05 17:26:42.510  INFO 6976 --- [localhost-startStop-1] o.a.c.c.C.[Tomcat].[localhost].[/blog]   : Initializing Spring embedded WebApplicationContext
2016-09-05 17:26:42.510  INFO 6976 --- [localhost-startStop-1] o.s.web.context.ContextLoader            : Root WebApplicationContext: initialization completed in 1609 ms
2016-09-05 17:26:42.744  INFO 6976 --- [localhost-startStop-1] o.s.b.c.e.ServletRegistrationBean        : Mapping servlet: 'dispatcherServlet' to [/]
2016-09-05 17:26:42.748  INFO 6976 --- [localhost-startStop-1] o.s.b.c.embedded.FilterRegistrationBean  : Mapping filter: 'characterEncodingFilter' to: [/*]
2016-09-05 17:26:42.748  INFO 6976 --- [localhost-startStop-1] o.s.b.c.embedded.FilterRegistrationBean  : Mapping filter: 'hiddenHttpMethodFilter' to: [/*]
2016-09-05 17:26:42.748  INFO 6976 --- [localhost-startStop-1] o.s.b.c.embedded.FilterRegistrationBean  : Mapping filter: 'httpPutFormContentFilter' to: [/*]
2016-09-05 17:26:42.748  INFO 6976 --- [localhost-startStop-1] o.s.b.c.embedded.FilterRegistrationBean  : Mapping filter: 'requestContextFilter' to: [/*]
2016-09-05 17:26:43.215  INFO 6976 --- [main] s.w.s.m.m.a.RequestMappingHandlerAdapter : Looking for @ControllerAdvice: org.springframework.boot.context.embedded.AnnotationConfigEmbeddedWebApplicationContext@23ecbe2d: startup date [Mon Sep 05 17:26:40 CST 2016]; root of context hierarchy
2016-09-05 17:26:43.272  INFO 6976 --- [main] s.w.s.m.m.a.RequestMappingHandlerMapping : Mapped "{[/get]}" onto public java.lang.Object com.zym.api.app.controller.BlogController.get(java.lang.Integer)
2016-09-05 17:26:43.272  INFO 6976 --- [main] s.w.s.m.m.a.RequestMappingHandlerMapping : Mapped "{[/all]}" onto public java.lang.Object com.zym.api.app.controller.BlogController.getAll()
2016-09-05 17:26:43.273  INFO 6976 --- [main] s.w.s.m.m.a.RequestMappingHandlerMapping : Mapped "{[/]}" onto java.lang.Object com.zym.api.app.controller.TestController.index()
2016-09-05 17:26:43.273  INFO 6976 --- [main] s.w.s.m.m.a.RequestMappingHandlerMapping : Mapped "{[/helloJsp]}" onto public java.lang.String com.zym.api.app.controller.TestController.helloJsp(java.util.Map<java.lang.String, java.lang.Object>)
2016-09-05 17:26:43.275  INFO 6976 --- [main] s.w.s.m.m.a.RequestMappingHandlerMapping : Mapped "{[/error]}" onto public org.springframework.http.ResponseEntity<java.util.Map<java.lang.String, java.lang.Object>> org.springframework.boot.autoconfigure.web.BasicErrorController.error(javax.servlet.http.HttpServletRequest)
2016-09-05 17:26:43.275  INFO 6976 --- [main] s.w.s.m.m.a.RequestMappingHandlerMapping : Mapped "{[/error],produces=[text/html]}" onto public org.springframework.web.servlet.ModelAndView org.springframework.boot.autoconfigure.web.BasicErrorController.errorHtml(javax.servlet.http.HttpServletRequest,javax.servlet.http.HttpServletResponse)
2016-09-05 17:26:43.302  INFO 6976 --- [main] o.s.w.s.handler.SimpleUrlHandlerMapping  : Mapped URL path [/webjars/**] onto handler of type [class org.springframework.web.servlet.resource.ResourceHttpRequestHandler]
2016-09-05 17:26:43.302  INFO 6976 --- [main] o.s.w.s.handler.SimpleUrlHandlerMapping  : Mapped URL path [/**] onto handler of type [class org.springframework.web.servlet.resource.ResourceHttpRequestHandler]
2016-09-05 17:26:43.342  INFO 6976 --- [main] o.s.w.s.handler.SimpleUrlHandlerMapping  : Mapped URL path [/**/favicon.ico] onto handler of type [class org.springframework.web.servlet.resource.ResourceHttpRequestHandler]
2016-09-05 17:26:43.566  INFO 6976 --- [main] o.s.j.e.a.AnnotationMBeanExporter        : Registering beans for JMX exposure on startup
2016-09-05 17:26:43.640  INFO 6976 --- [main] s.b.c.e.t.TomcatEmbeddedServletContainer : Tomcat started on port(s): 8090 (http)
2016-09-05 17:26:43.644  INFO 6976 --- [main] com.zym.Application                      : Started Application in 3.077 seconds (JVM running for 5.452)
2016-09-05 18:18:12.179  INFO 6976 --- [http-nio-8090-exec-1] o.a.c.c.C.[Tomcat].[localhost].[/blog]   : Initializing Spring FrameworkServlet 'dispatcherServlet'
2016-09-05 18:18:12.180  INFO 6976 --- [http-nio-8090-exec-1] o.s.web.servlet.DispatcherServlet        : FrameworkServlet 'dispatcherServlet': initialization started
2016-09-05 18:18:12.193  INFO 6976 --- [http-nio-8090-exec-1] o.s.web.servlet.DispatcherServlet        : FrameworkServlet 'dispatcherServlet': initialization completed in 13 ms
2016-10-14 17:07:00.845  INFO 13556 --- [main] com.zym.blog.Application                 : Starting Application on NS80011422 with PID 13556 (E:\project\z-blog\target\classes started by 80011422 in E:\project\z-blog)
2016-10-14 17:07:00.894  INFO 13556 --- [main] com.zym.blog.Application                 : No active profile set, falling back to default profiles: default
2016-10-14 17:07:01.131  INFO 13556 --- [main] ationConfigEmbeddedWebApplicationContext : Refreshing org.springframework.boot.context.embedded.AnnotationConfigEmbeddedWebApplicationContext@1ec631dc: startup date [Fri Oct 14 17:07:01 CST 2016]; root of context hierarchy
2016-10-14 17:07:02.510  INFO 13556 --- [main] o.s.b.f.s.DefaultListableBeanFactory     : Overriding bean definition for bean 'beanNameViewResolver' with a different definition: replacing [Root bean: class [null]; scope=; abstract=false; lazyInit=false; autowireMode=3; dependencyCheck=0; autowireCandidate=true; primary=false; factoryBeanName=org.springframework.boot.autoconfigure.web.ErrorMvcAutoConfiguration$WhitelabelErrorViewConfiguration; factoryMethodName=beanNameViewResolver; initMethodName=null; destroyMethodName=(inferred); defined in class path resource [org/springframework/boot/autoconfigure/web/ErrorMvcAutoConfiguration$WhitelabelErrorViewConfiguration.class]] with [Root bean: class [null]; scope=; abstract=false; lazyInit=false; autowireMode=3; dependencyCheck=0; autowireCandidate=true; primary=false; factoryBeanName=org.springframework.boot.autoconfigure.web.WebMvcAutoConfiguration$WebMvcAutoConfigurationAdapter; factoryMethodName=beanNameViewResolver; initMethodName=null; destroyMethodName=(inferred); defined in class path resource [org/springframework/boot/autoconfigure/web/WebMvcAutoConfiguration$WebMvcAutoConfigurationAdapter.class]]
2016-10-14 17:07:03.060  INFO 13556 --- [main] trationDelegate$BeanPostProcessorChecker : Bean 'org.springframework.transaction.annotation.ProxyTransactionManagementConfiguration' of type [class org.springframework.transaction.annotation.ProxyTransactionManagementConfiguration$$EnhancerBySpringCGLIB$$4cef16a6] is not eligible for getting processed by all BeanPostProcessors (for example: not eligible for auto-proxying)
2016-10-14 17:07:03.865  INFO 13556 --- [main] s.b.c.e.t.TomcatEmbeddedServletContainer : Tomcat initialized with port(s): 8090 (http)
2016-10-14 17:07:03.893  INFO 13556 --- [main] o.apache.catalina.core.StandardService   : Starting service Tomcat
2016-10-14 17:07:03.894  INFO 13556 --- [main] org.apache.catalina.core.StandardEngine  : Starting Servlet Engine: Apache Tomcat/8.0.32
2016-10-14 17:07:04.092  INFO 13556 --- [localhost-startStop-1] o.a.c.c.C.[Tomcat].[localhost].[/blog]   : Initializing Spring embedded WebApplicationContext
2016-10-14 17:07:04.093  INFO 13556 --- [localhost-startStop-1] o.s.web.context.ContextLoader            : Root WebApplicationContext: initialization completed in 2974 ms
2016-10-14 17:07:04.429  INFO 13556 --- [localhost-startStop-1] o.s.b.c.e.ServletRegistrationBean        : Mapping servlet: 'dispatcherServlet' to [/]
2016-10-14 17:07:04.432  INFO 13556 --- [localhost-startStop-1] o.s.b.c.embedded.FilterRegistrationBean  : Mapping filter: 'characterEncodingFilter' to: [/*]
2016-10-14 17:07:04.433  INFO 13556 --- [localhost-startStop-1] o.s.b.c.embedded.FilterRegistrationBean  : Mapping filter: 'hiddenHttpMethodFilter' to: [/*]
2016-10-14 17:07:04.433  INFO 13556 --- [localhost-startStop-1] o.s.b.c.embedded.FilterRegistrationBean  : Mapping filter: 'httpPutFormContentFilter' to: [/*]
2016-10-14 17:07:04.433  INFO 13556 --- [localhost-startStop-1] o.s.b.c.embedded.FilterRegistrationBean  : Mapping filter: 'requestContextFilter' to: [/*]
2016-10-14 17:07:05.070  INFO 13556 --- [main] s.w.s.m.m.a.RequestMappingHandlerAdapter : Looking for @ControllerAdvice: org.springframework.boot.context.embedded.AnnotationConfigEmbeddedWebApplicationContext@1ec631dc: startup date [Fri Oct 14 17:07:01 CST 2016]; root of context hierarchy
2016-10-14 17:07:05.182  INFO 13556 --- [main] s.w.s.m.m.a.RequestMappingHandlerMapping : Mapped "{[/session],methods=[POST]}" onto public java.lang.Object com.zym.blog.controller.back.SessionController.login(java.lang.String,java.lang.String,javax.servlet.http.HttpServletRequest)
2016-10-14 17:07:05.182  INFO 13556 --- [main] s.w.s.m.m.a.RequestMappingHandlerMapping : Mapped "{[/session],methods=[DELETE]}" onto public java.lang.Object com.zym.blog.controller.back.SessionController.logout(javax.servlet.http.HttpSession)
2016-10-14 17:07:05.183  INFO 13556 --- [main] s.w.s.m.m.a.RequestMappingHandlerMapping : Mapped "{[/{blogId}],methods=[GET]}" onto public java.lang.Object com.zym.blog.controller.BlogController.get(int)
2016-10-14 17:07:05.183  INFO 13556 --- [main] s.w.s.m.m.a.RequestMappingHandlerMapping : Mapped "{[],methods=[GET]}" onto public java.lang.Object com.zym.blog.controller.BlogController.getAll(java.lang.Integer,java.lang.Integer)
2016-10-14 17:07:05.184  INFO 13556 --- [main] s.w.s.m.m.a.RequestMappingHandlerMapping : Mapped "{[/]}" onto java.lang.Object com.zym.blog.controller.TestController.index()
2016-10-14 17:07:05.184  INFO 13556 --- [main] s.w.s.m.m.a.RequestMappingHandlerMapping : Mapped "{[/helloJsp]}" onto public java.lang.String com.zym.blog.controller.TestController.helloJsp(java.util.Map<java.lang.String, java.lang.Object>)
2016-10-14 17:07:05.186  INFO 13556 --- [main] s.w.s.m.m.a.RequestMappingHandlerMapping : Mapped "{[/error]}" onto public org.springframework.http.ResponseEntity<java.util.Map<java.lang.String, java.lang.Object>> org.springframework.boot.autoconfigure.web.BasicErrorController.error(javax.servlet.http.HttpServletRequest)
2016-10-14 17:07:05.186  INFO 13556 --- [main] s.w.s.m.m.a.RequestMappingHandlerMapping : Mapped "{[/error],produces=[text/html]}" onto public org.springframework.web.servlet.ModelAndView org.springframework.boot.autoconfigure.web.BasicErrorController.errorHtml(javax.servlet.http.HttpServletRequest,javax.servlet.http.HttpServletResponse)
2016-10-14 17:07:05.213  INFO 13556 --- [main] o.s.w.s.handler.SimpleUrlHandlerMapping  : Mapped URL path [/webjars/**] onto handler of type [class org.springframework.web.servlet.resource.ResourceHttpRequestHandler]
2016-10-14 17:07:05.213  INFO 13556 --- [main] o.s.w.s.handler.SimpleUrlHandlerMapping  : Mapped URL path [/**] onto handler of type [class org.springframework.web.servlet.resource.ResourceHttpRequestHandler]
2016-10-14 17:07:05.284  INFO 13556 --- [main] o.s.w.s.handler.SimpleUrlHandlerMapping  : Mapped URL path [/**/favicon.ico] onto handler of type [class org.springframework.web.servlet.resource.ResourceHttpRequestHandler]
2016-10-14 17:07:05.943  INFO 13556 --- [main] o.s.j.e.a.AnnotationMBeanExporter        : Registering beans for JMX exposure on startup
2016-10-14 17:07:06.697  INFO 13556 --- [main] s.b.c.e.t.TomcatEmbeddedServletContainer : Tomcat started on port(s): 8090 (http)
2016-10-14 17:07:06.700  INFO 13556 --- [main] com.zym.blog.Application                 : Started Application in 7.476 seconds (JVM running for 8.234)
2016-10-14 17:07:41.750  INFO 13944 --- [main] com.zym.blog.Application                 : Starting Application on NS80011422 with PID 13944 (E:\project\z-blog\target\classes started by 80011422 in E:\project\z-blog)
2016-10-14 17:07:41.757  INFO 13944 --- [main] com.zym.blog.Application                 : No active profile set, falling back to default profiles: default
2016-10-14 17:07:41.811  INFO 13944 --- [main] ationConfigEmbeddedWebApplicationContext : Refreshing org.springframework.boot.context.embedded.AnnotationConfigEmbeddedWebApplicationContext@386e0497: startup date [Fri Oct 14 17:07:41 CST 2016]; root of context hierarchy
2016-10-14 17:07:42.618  INFO 13944 --- [main] o.s.b.f.s.DefaultListableBeanFactory     : Overriding bean definition for bean 'beanNameViewResolver' with a different definition: replacing [Root bean: class [null]; scope=; abstract=false; lazyInit=false; autowireMode=3; dependencyCheck=0; autowireCandidate=true; primary=false; factoryBeanName=org.springframework.boot.autoconfigure.web.ErrorMvcAutoConfiguration$WhitelabelErrorViewConfiguration; factoryMethodName=beanNameViewResolver; initMethodName=null; destroyMethodName=(inferred); defined in class path resource [org/springframework/boot/autoconfigure/web/ErrorMvcAutoConfiguration$WhitelabelErrorViewConfiguration.class]] with [Root bean: class [null]; scope=; abstract=false; lazyInit=false; autowireMode=3; dependencyCheck=0; autowireCandidate=true; primary=false; factoryBeanName=org.springframework.boot.autoconfigure.web.WebMvcAutoConfiguration$WebMvcAutoConfigurationAdapter; factoryMethodName=beanNameViewResolver; initMethodName=null; destroyMethodName=(inferred); defined in class path resource [org/springframework/boot/autoconfigure/web/WebMvcAutoConfiguration$WebMvcAutoConfigurationAdapter.class]]
2016-10-14 17:07:42.974  INFO 13944 --- [main] trationDelegate$BeanPostProcessorChecker : Bean 'org.springframework.transaction.annotation.ProxyTransactionManagementConfiguration' of type [class org.springframework.transaction.annotation.ProxyTransactionManagementConfiguration$$EnhancerBySpringCGLIB$$5706bf05] is not eligible for getting processed by all BeanPostProcessors (for example: not eligible for auto-proxying)
2016-10-14 17:07:43.351  INFO 13944 --- [main] s.b.c.e.t.TomcatEmbeddedServletContainer : Tomcat initialized with port(s): 8090 (http)
2016-10-14 17:07:43.362  INFO 13944 --- [main] o.apache.catalina.core.StandardService   : Starting service Tomcat
2016-10-14 17:07:43.363  INFO 13944 --- [main] org.apache.catalina.core.StandardEngine  : Starting Servlet Engine: Apache Tomcat/8.0.32
2016-10-14 17:07:43.461  INFO 13944 --- [localhost-startStop-1] o.a.c.c.C.[Tomcat].[localhost].[/blog]   : Initializing Spring embedded WebApplicationContext
2016-10-14 17:07:43.462  INFO 13944 --- [localhost-startStop-1] o.s.web.context.ContextLoader            : Root WebApplicationContext: initialization completed in 1654 ms
2016-10-14 17:07:43.739  INFO 13944 --- [localhost-startStop-1] o.s.b.c.e.ServletRegistrationBean        : Mapping servlet: 'dispatcherServlet' to [/]
2016-10-14 17:07:43.743  INFO 13944 --- [localhost-startStop-1] o.s.b.c.embedded.FilterRegistrationBean  : Mapping filter: 'characterEncodingFilter' to: [/*]
2016-10-14 17:07:43.743  INFO 13944 --- [localhost-startStop-1] o.s.b.c.embedded.FilterRegistrationBean  : Mapping filter: 'hiddenHttpMethodFilter' to: [/*]
2016-10-14 17:07:43.743  INFO 13944 --- [localhost-startStop-1] o.s.b.c.embedded.FilterRegistrationBean  : Mapping filter: 'httpPutFormContentFilter' to: [/*]
2016-10-14 17:07:43.743  INFO 13944 --- [localhost-startStop-1] o.s.b.c.embedded.FilterRegistrationBean  : Mapping filter: 'requestContextFilter' to: [/*]
2016-10-14 17:07:44.184  INFO 13944 --- [main] s.w.s.m.m.a.RequestMappingHandlerAdapter : Looking for @ControllerAdvice: org.springframework.boot.context.embedded.AnnotationConfigEmbeddedWebApplicationContext@386e0497: startup date [Fri Oct 14 17:07:41 CST 2016]; root of context hierarchy
2016-10-14 17:07:44.321  INFO 13944 --- [main] s.w.s.m.m.a.RequestMappingHandlerMapping : Mapped "{[/session],methods=[POST]}" onto public java.lang.Object com.zym.blog.controller.back.SessionController.login(java.lang.String,java.lang.String,javax.servlet.http.HttpServletRequest)
2016-10-14 17:07:44.323  INFO 13944 --- [main] s.w.s.m.m.a.RequestMappingHandlerMapping : Mapped "{[/session],methods=[DELETE]}" onto public java.lang.Object com.zym.blog.controller.back.SessionController.logout(javax.servlet.http.HttpSession)
2016-10-14 17:07:44.324  INFO 13944 --- [main] s.w.s.m.m.a.RequestMappingHandlerMapping : Mapped "{[/article/{blogId}],methods=[GET]}" onto public java.lang.Object com.zym.blog.controller.BlogController.get(int)
2016-10-14 17:07:44.325  INFO 13944 --- [main] s.w.s.m.m.a.RequestMappingHandlerMapping : Mapped "{[/article],methods=[GET]}" onto public java.lang.Object com.zym.blog.controller.BlogController.getAll(java.lang.Integer,java.lang.Integer)
2016-10-14 17:07:44.325  INFO 13944 --- [main] s.w.s.m.m.a.RequestMappingHandlerMapping : Mapped "{[/]}" onto java.lang.Object com.zym.blog.controller.TestController.index()
2016-10-14 17:07:44.326  INFO 13944 --- [main] s.w.s.m.m.a.RequestMappingHandlerMapping : Mapped "{[/helloJsp]}" onto public java.lang.String com.zym.blog.controller.TestController.helloJsp(java.util.Map<java.lang.String, java.lang.Object>)
2016-10-14 17:07:44.329  INFO 13944 --- [main] s.w.s.m.m.a.RequestMappingHandlerMapping : Mapped "{[/error]}" onto public org.springframework.http.ResponseEntity<java.util.Map<java.lang.String, java.lang.Object>> org.springframework.boot.autoconfigure.web.BasicErrorController.error(javax.servlet.http.HttpServletRequest)
2016-10-14 17:07:44.329  INFO 13944 --- [main] s.w.s.m.m.a.RequestMappingHandlerMapping : Mapped "{[/error],produces=[text/html]}" onto public org.springframework.web.servlet.ModelAndView org.springframework.boot.autoconfigure.web.BasicErrorController.errorHtml(javax.servlet.http.HttpServletRequest,javax.servlet.http.HttpServletResponse)
2016-10-14 17:07:44.366  INFO 13944 --- [main] o.s.w.s.handler.SimpleUrlHandlerMapping  : Mapped URL path [/webjars/**] onto handler of type [class org.springframework.web.servlet.resource.ResourceHttpRequestHandler]
2016-10-14 17:07:44.366  INFO 13944 --- [main] o.s.w.s.handler.SimpleUrlHandlerMapping  : Mapped URL path [/**] onto handler of type [class org.springframework.web.servlet.resource.ResourceHttpRequestHandler]
2016-10-14 17:07:44.437  INFO 13944 --- [main] o.s.w.s.handler.SimpleUrlHandlerMapping  : Mapped URL path [/**/favicon.ico] onto handler of type [class org.springframework.web.servlet.resource.ResourceHttpRequestHandler]
2016-10-14 17:07:44.777  INFO 13944 --- [main] o.s.j.e.a.AnnotationMBeanExporter        : Registering beans for JMX exposure on startup
2016-10-14 17:07:44.836  INFO 13944 --- [main] s.b.c.e.t.TomcatEmbeddedServletContainer : Tomcat started on port(s): 8090 (http)
2016-10-14 17:07:44.840  INFO 13944 --- [main] com.zym.blog.Application                 : Started Application in 3.519 seconds (JVM running for 3.85)
2016-10-14 17:09:33.806  INFO 13944 --- [http-nio-8090-exec-1] o.a.c.c.C.[Tomcat].[localhost].[/blog]   : Initializing Spring FrameworkServlet 'dispatcherServlet'
2016-10-14 17:09:33.806  INFO 13944 --- [http-nio-8090-exec-1] o.s.web.servlet.DispatcherServlet        : FrameworkServlet 'dispatcherServlet': initialization started
2016-10-14 17:09:33.837  INFO 13944 --- [http-nio-8090-exec-1] o.s.web.servlet.DispatcherServlet        : FrameworkServlet 'dispatcherServlet': initialization completed in 31 ms
2016-10-14 17:09:33.951 ERROR 13944 --- [http-nio-8090-exec-1] o.a.c.c.C.[.[.[.[dispatcherServlet]      : Servlet.service() for servlet [dispatcherServlet] in context with path [/blog] threw exception [Request processing failed; nested exception is org.apache.ibatis.binding.BindingException: Invalid bound statement (not found): com.zym.blog.dao.BlogDao.selectByExampleWithBLOBs] with root cause

org.apache.ibatis.binding.BindingException: Invalid bound statement (not found): com.zym.blog.dao.BlogDao.selectByExampleWithBLOBs
	at org.apache.ibatis.binding.MapperMethod$SqlCommand.<init>(MapperMethod.java:214)
	at org.apache.ibatis.binding.MapperMethod.<init>(MapperMethod.java:48)
	at org.apache.ibatis.binding.MapperProxy.cachedMapperMethod(MapperProxy.java:59)
	at org.apache.ibatis.binding.MapperProxy.invoke(MapperProxy.java:52)
	at com.sun.proxy.$Proxy62.selectByExampleWithBLOBs(Unknown Source)
	at com.zym.blog.service.impl.BlogServiceImpl.getAll(BlogServiceImpl.java:34)
	at com.zym.blog.controller.BlogController.getAll(BlogController.java:35)
	at sun.reflect.NativeMethodAccessorImpl.invoke0(Native Method)
	at sun.reflect.NativeMethodAccessorImpl.invoke(NativeMethodAccessorImpl.java:57)
	at sun.reflect.DelegatingMethodAccessorImpl.invoke(DelegatingMethodAccessorImpl.java:43)
	at java.lang.reflect.Method.invoke(Method.java:606)
	at org.springframework.web.method.support.InvocableHandlerMethod.doInvoke(InvocableHandlerMethod.java:221)
	at org.springframework.web.method.support.InvocableHandlerMethod.invokeForRequest(InvocableHandlerMethod.java:136)
	at org.springframework.web.servlet.mvc.method.annotation.ServletInvocableHandlerMethod.invokeAndHandle(ServletInvocableHandlerMethod.java:110)
	at org.springframework.web.servlet.mvc.method.annotation.RequestMappingHandlerAdapter.invokeHandlerMethod(RequestMappingHandlerAdapter.java:817)
	at org.springframework.web.servlet.mvc.method.annotation.RequestMappingHandlerAdapter.handleInternal(RequestMappingHandlerAdapter.java:731)
	at org.springframework.web.servlet.mvc.method.AbstractHandlerMethodAdapter.handle(AbstractHandlerMethodAdapter.java:85)
	at org.springframework.web.servlet.DispatcherServlet.doDispatch(DispatcherServlet.java:959)
	at org.springframework.web.servlet.DispatcherServlet.doService(DispatcherServlet.java:893)
	at org.springframework.web.servlet.FrameworkServlet.processRequest(FrameworkServlet.java:968)
	at org.springframework.web.servlet.FrameworkServlet.doGet(FrameworkServlet.java:859)
	at javax.servlet.http.HttpServlet.service(HttpServlet.java:622)
	at org.springframework.web.servlet.FrameworkServlet.service(FrameworkServlet.java:844)
	at javax.servlet.http.HttpServlet.service(HttpServlet.java:729)
	at org.apache.catalina.core.ApplicationFilterChain.internalDoFilter(ApplicationFilterChain.java:292)
	at org.apache.catalina.core.ApplicationFilterChain.doFilter(ApplicationFilterChain.java:207)
	at org.apache.tomcat.websocket.server.WsFilter.doFilter(WsFilter.java:52)
	at org.apache.catalina.core.ApplicationFilterChain.internalDoFilter(ApplicationFilterChain.java:240)
	at org.apache.catalina.core.ApplicationFilterChain.doFilter(ApplicationFilterChain.java:207)
	at org.springframework.web.filter.RequestContextFilter.doFilterInternal(RequestContextFilter.java:99)
	at org.springframework.web.filter.OncePerRequestFilter.doFilter(OncePerRequestFilter.java:107)
	at org.apache.catalina.core.ApplicationFilterChain.internalDoFilter(ApplicationFilterChain.java:240)
	at org.apache.catalina.core.ApplicationFilterChain.doFilter(ApplicationFilterChain.java:207)
	at org.springframework.web.filter.HttpPutFormContentFilter.doFilterInternal(HttpPutFormContentFilter.java:87)
	at org.springframework.web.filter.OncePerRequestFilter.doFilter(OncePerRequestFilter.java:107)
	at org.apache.catalina.core.ApplicationFilterChain.internalDoFilter(ApplicationFilterChain.java:240)
	at org.apache.catalina.core.ApplicationFilterChain.doFilter(ApplicationFilterChain.java:207)
	at org.springframework.web.filter.HiddenHttpMethodFilter.doFilterInternal(HiddenHttpMethodFilter.java:77)
	at org.springframework.web.filter.OncePerRequestFilter.doFilter(OncePerRequestFilter.java:107)
	at org.apache.catalina.core.ApplicationFilterChain.internalDoFilter(ApplicationFilterChain.java:240)
	at org.apache.catalina.core.ApplicationFilterChain.doFilter(ApplicationFilterChain.java:207)
	at org.springframework.web.filter.CharacterEncodingFilter.doFilterInternal(CharacterEncodingFilter.java:121)
	at org.springframework.web.filter.OncePerRequestFilter.doFilter(OncePerRequestFilter.java:107)
	at org.apache.catalina.core.ApplicationFilterChain.internalDoFilter(ApplicationFilterChain.java:240)
	at org.apache.catalina.core.ApplicationFilterChain.doFilter(ApplicationFilterChain.java:207)
	at org.apache.catalina.core.StandardWrapperValve.invoke(StandardWrapperValve.java:212)
	at org.apache.catalina.core.StandardContextValve.invoke(StandardContextValve.java:106)
	at org.apache.catalina.authenticator.AuthenticatorBase.invoke(AuthenticatorBase.java:502)
	at org.apache.catalina.core.StandardHostValve.invoke(StandardHostValve.java:141)
	at org.apache.catalina.valves.ErrorReportValve.invoke(ErrorReportValve.java:79)
	at org.apache.catalina.core.StandardEngineValve.invoke(StandardEngineValve.java:88)
	at org.apache.catalina.connector.CoyoteAdapter.service(CoyoteAdapter.java:522)
	at org.apache.coyote.http11.AbstractHttp11Processor.process(AbstractHttp11Processor.java:1095)
	at org.apache.coyote.AbstractProtocol$AbstractConnectionHandler.process(AbstractProtocol.java:672)
	at org.apache.tomcat.util.net.NioEndpoint$SocketProcessor.doRun(NioEndpoint.java:1500)
	at org.apache.tomcat.util.net.NioEndpoint$SocketProcessor.run(NioEndpoint.java:1456)
	at java.util.concurrent.ThreadPoolExecutor.runWorker(ThreadPoolExecutor.java:1145)
	at java.util.concurrent.ThreadPoolExecutor$Worker.run(ThreadPoolExecutor.java:615)
	at org.apache.tomcat.util.threads.TaskThread$WrappingRunnable.run(TaskThread.java:61)
	at java.lang.Thread.run(Thread.java:744)

2016-10-14 17:12:50.454 ERROR 13944 --- [http-nio-8090-exec-3] o.a.c.c.C.[.[.[.[dispatcherServlet]      : Servlet.service() for servlet [dispatcherServlet] in context with path [/blog] threw exception [Request processing failed; nested exception is org.apache.ibatis.binding.BindingException: Invalid bound statement (not found): com.zym.blog.dao.BlogDao.selectByPrimaryKey] with root cause

org.apache.ibatis.binding.BindingException: Invalid bound statement (not found): com.zym.blog.dao.BlogDao.selectByPrimaryKey
	at org.apache.ibatis.binding.MapperMethod$SqlCommand.<init>(MapperMethod.java:214)
	at org.apache.ibatis.binding.MapperMethod.<init>(MapperMethod.java:48)
	at org.apache.ibatis.binding.MapperProxy.cachedMapperMethod(MapperProxy.java:59)
	at org.apache.ibatis.binding.MapperProxy.invoke(MapperProxy.java:52)
	at com.sun.proxy.$Proxy62.selectByPrimaryKey(Unknown Source)
	at com.zym.blog.service.impl.BlogServiceImpl.getById(BlogServiceImpl.java:27)
	at com.zym.blog.controller.BlogController.get(BlogController.java:23)
	at sun.reflect.NativeMethodAccessorImpl.invoke0(Native Method)
	at sun.reflect.NativeMethodAccessorImpl.invoke(NativeMethodAccessorImpl.java:57)
	at sun.reflect.DelegatingMethodAccessorImpl.invoke(DelegatingMethodAccessorImpl.java:43)
	at java.lang.reflect.Method.invoke(Method.java:606)
	at org.springframework.web.method.support.InvocableHandlerMethod.doInvoke(InvocableHandlerMethod.java:221)
	at org.springframework.web.method.support.InvocableHandlerMethod.invokeForRequest(InvocableHandlerMethod.java:136)
	at org.springframework.web.servlet.mvc.method.annotation.ServletInvocableHandlerMethod.invokeAndHandle(ServletInvocableHandlerMethod.java:110)
	at org.springframework.web.servlet.mvc.method.annotation.RequestMappingHandlerAdapter.invokeHandlerMethod(RequestMappingHandlerAdapter.java:817)
	at org.springframework.web.servlet.mvc.method.annotation.RequestMappingHandlerAdapter.handleInternal(RequestMappingHandlerAdapter.java:731)
	at org.springframework.web.servlet.mvc.method.AbstractHandlerMethodAdapter.handle(AbstractHandlerMethodAdapter.java:85)
	at org.springframework.web.servlet.DispatcherServlet.doDispatch(DispatcherServlet.java:959)
	at org.springframework.web.servlet.DispatcherServlet.doService(DispatcherServlet.java:893)
	at org.springframework.web.servlet.FrameworkServlet.processRequest(FrameworkServlet.java:968)
	at org.springframework.web.servlet.FrameworkServlet.doGet(FrameworkServlet.java:859)
	at javax.servlet.http.HttpServlet.service(HttpServlet.java:622)
	at org.springframework.web.servlet.FrameworkServlet.service(FrameworkServlet.java:844)
	at javax.servlet.http.HttpServlet.service(HttpServlet.java:729)
	at org.apache.catalina.core.ApplicationFilterChain.internalDoFilter(ApplicationFilterChain.java:292)
	at org.apache.catalina.core.ApplicationFilterChain.doFilter(ApplicationFilterChain.java:207)
	at org.apache.tomcat.websocket.server.WsFilter.doFilter(WsFilter.java:52)
	at org.apache.catalina.core.ApplicationFilterChain.internalDoFilter(ApplicationFilterChain.java:240)
	at org.apache.catalina.core.ApplicationFilterChain.doFilter(ApplicationFilterChain.java:207)
	at org.springframework.web.filter.RequestContextFilter.doFilterInternal(RequestContextFilter.java:99)
	at org.springframework.web.filter.OncePerRequestFilter.doFilter(OncePerRequestFilter.java:107)
	at org.apache.catalina.core.ApplicationFilterChain.internalDoFilter(ApplicationFilterChain.java:240)
	at org.apache.catalina.core.ApplicationFilterChain.doFilter(ApplicationFilterChain.java:207)
	at org.springframework.web.filter.HttpPutFormContentFilter.doFilterInternal(HttpPutFormContentFilter.java:87)
	at org.springframework.web.filter.OncePerRequestFilter.doFilter(OncePerRequestFilter.java:107)
	at org.apache.catalina.core.ApplicationFilterChain.internalDoFilter(ApplicationFilterChain.java:240)
	at org.apache.catalina.core.ApplicationFilterChain.doFilter(ApplicationFilterChain.java:207)
	at org.springframework.web.filter.HiddenHttpMethodFilter.doFilterInternal(HiddenHttpMethodFilter.java:77)
	at org.springframework.web.filter.OncePerRequestFilter.doFilter(OncePerRequestFilter.java:107)
	at org.apache.catalina.core.ApplicationFilterChain.internalDoFilter(ApplicationFilterChain.java:240)
	at org.apache.catalina.core.ApplicationFilterChain.doFilter(ApplicationFilterChain.java:207)
	at org.springframework.web.filter.CharacterEncodingFilter.doFilterInternal(CharacterEncodingFilter.java:121)
	at org.springframework.web.filter.OncePerRequestFilter.doFilter(OncePerRequestFilter.java:107)
	at org.apache.catalina.core.ApplicationFilterChain.internalDoFilter(ApplicationFilterChain.java:240)
	at org.apache.catalina.core.ApplicationFilterChain.doFilter(ApplicationFilterChain.java:207)
	at org.apache.catalina.core.StandardWrapperValve.invoke(StandardWrapperValve.java:212)
	at org.apache.catalina.core.StandardContextValve.invoke(StandardContextValve.java:106)
	at org.apache.catalina.authenticator.AuthenticatorBase.invoke(AuthenticatorBase.java:502)
	at org.apache.catalina.core.StandardHostValve.invoke(StandardHostValve.java:141)
	at org.apache.catalina.valves.ErrorReportValve.invoke(ErrorReportValve.java:79)
	at org.apache.catalina.core.StandardEngineValve.invoke(StandardEngineValve.java:88)
	at org.apache.catalina.connector.CoyoteAdapter.service(CoyoteAdapter.java:522)
	at org.apache.coyote.http11.AbstractHttp11Processor.process(AbstractHttp11Processor.java:1095)
	at org.apache.coyote.AbstractProtocol$AbstractConnectionHandler.process(AbstractProtocol.java:672)
	at org.apache.tomcat.util.net.NioEndpoint$SocketProcessor.doRun(NioEndpoint.java:1500)
	at org.apache.tomcat.util.net.NioEndpoint$SocketProcessor.run(NioEndpoint.java:1456)
	at java.util.concurrent.ThreadPoolExecutor.runWorker(ThreadPoolExecutor.java:1145)
	at java.util.concurrent.ThreadPoolExecutor$Worker.run(ThreadPoolExecutor.java:615)
	at org.apache.tomcat.util.threads.TaskThread$WrappingRunnable.run(TaskThread.java:61)
	at java.lang.Thread.run(Thread.java:744)

2016-10-14 17:15:38.001  INFO 10712 --- [main] com.zym.blog.Application                 : Starting Application on NS80011422 with PID 10712 (E:\project\z-blog\target\classes started by 80011422 in E:\project\z-blog)
2016-10-14 17:15:38.004  INFO 10712 --- [main] com.zym.blog.Application                 : No active profile set, falling back to default profiles: default
2016-10-14 17:15:38.067  INFO 10712 --- [main] ationConfigEmbeddedWebApplicationContext : Refreshing org.springframework.boot.context.embedded.AnnotationConfigEmbeddedWebApplicationContext@71c14294: startup date [Fri Oct 14 17:15:38 CST 2016]; root of context hierarchy
2016-10-14 17:15:38.935  INFO 10712 --- [main] o.s.b.f.s.DefaultListableBeanFactory     : Overriding bean definition for bean 'beanNameViewResolver' with a different definition: replacing [Root bean: class [null]; scope=; abstract=false; lazyInit=false; autowireMode=3; dependencyCheck=0; autowireCandidate=true; primary=false; factoryBeanName=org.springframework.boot.autoconfigure.web.ErrorMvcAutoConfiguration$WhitelabelErrorViewConfiguration; factoryMethodName=beanNameViewResolver; initMethodName=null; destroyMethodName=(inferred); defined in class path resource [org/springframework/boot/autoconfigure/web/ErrorMvcAutoConfiguration$WhitelabelErrorViewConfiguration.class]] with [Root bean: class [null]; scope=; abstract=false; lazyInit=false; autowireMode=3; dependencyCheck=0; autowireCandidate=true; primary=false; factoryBeanName=org.springframework.boot.autoconfigure.web.WebMvcAutoConfiguration$WebMvcAutoConfigurationAdapter; factoryMethodName=beanNameViewResolver; initMethodName=null; destroyMethodName=(inferred); defined in class path resource [org/springframework/boot/autoconfigure/web/WebMvcAutoConfiguration$WebMvcAutoConfigurationAdapter.class]]
2016-10-14 17:15:39.304  INFO 10712 --- [main] trationDelegate$BeanPostProcessorChecker : Bean 'org.springframework.transaction.annotation.ProxyTransactionManagementConfiguration' of type [class org.springframework.transaction.annotation.ProxyTransactionManagementConfiguration$$EnhancerBySpringCGLIB$$d9ebaa4c] is not eligible for getting processed by all BeanPostProcessors (for example: not eligible for auto-proxying)
2016-10-14 17:15:39.676  INFO 10712 --- [main] s.b.c.e.t.TomcatEmbeddedServletContainer : Tomcat initialized with port(s): 8090 (http)
2016-10-14 17:15:39.688  INFO 10712 --- [main] o.apache.catalina.core.StandardService   : Starting service Tomcat
2016-10-14 17:15:39.689  INFO 10712 --- [main] org.apache.catalina.core.StandardEngine  : Starting Servlet Engine: Apache Tomcat/8.0.32
2016-10-14 17:15:39.778  INFO 10712 --- [localhost-startStop-1] o.a.c.c.C.[Tomcat].[localhost].[/blog]   : Initializing Spring embedded WebApplicationContext
2016-10-14 17:15:39.778  INFO 10712 --- [localhost-startStop-1] o.s.web.context.ContextLoader            : Root WebApplicationContext: initialization completed in 1720 ms
2016-10-14 17:15:40.038  INFO 10712 --- [localhost-startStop-1] o.s.b.c.e.ServletRegistrationBean        : Mapping servlet: 'dispatcherServlet' to [/]
2016-10-14 17:15:40.042  INFO 10712 --- [localhost-startStop-1] o.s.b.c.embedded.FilterRegistrationBean  : Mapping filter: 'characterEncodingFilter' to: [/*]
2016-10-14 17:15:40.043  INFO 10712 --- [localhost-startStop-1] o.s.b.c.embedded.FilterRegistrationBean  : Mapping filter: 'hiddenHttpMethodFilter' to: [/*]
2016-10-14 17:15:40.043  INFO 10712 --- [localhost-startStop-1] o.s.b.c.embedded.FilterRegistrationBean  : Mapping filter: 'httpPutFormContentFilter' to: [/*]
2016-10-14 17:15:40.043  INFO 10712 --- [localhost-startStop-1] o.s.b.c.embedded.FilterRegistrationBean  : Mapping filter: 'requestContextFilter' to: [/*]
2016-10-14 17:15:40.884  INFO 10712 --- [main] s.w.s.m.m.a.RequestMappingHandlerAdapter : Looking for @ControllerAdvice: org.springframework.boot.context.embedded.AnnotationConfigEmbeddedWebApplicationContext@71c14294: startup date [Fri Oct 14 17:15:38 CST 2016]; root of context hierarchy
2016-10-14 17:15:40.941  INFO 10712 --- [main] s.w.s.m.m.a.RequestMappingHandlerMapping : Mapped "{[/session],methods=[POST]}" onto public java.lang.Object com.zym.blog.controller.back.SessionController.login(java.lang.String,java.lang.String,javax.servlet.http.HttpServletRequest)
2016-10-14 17:15:40.942  INFO 10712 --- [main] s.w.s.m.m.a.RequestMappingHandlerMapping : Mapped "{[/session],methods=[DELETE]}" onto public java.lang.Object com.zym.blog.controller.back.SessionController.logout(javax.servlet.http.HttpSession)
2016-10-14 17:15:40.943  INFO 10712 --- [main] s.w.s.m.m.a.RequestMappingHandlerMapping : Mapped "{[/article/{blogId}],methods=[GET]}" onto public java.lang.Object com.zym.blog.controller.BlogController.get(int)
2016-10-14 17:15:40.943  INFO 10712 --- [main] s.w.s.m.m.a.RequestMappingHandlerMapping : Mapped "{[/article],methods=[GET]}" onto public java.lang.Object com.zym.blog.controller.BlogController.getAll(java.lang.Integer,java.lang.Integer)
2016-10-14 17:15:40.943  INFO 10712 --- [main] s.w.s.m.m.a.RequestMappingHandlerMapping : Mapped "{[/]}" onto java.lang.Object com.zym.blog.controller.TestController.index()
2016-10-14 17:15:40.944  INFO 10712 --- [main] s.w.s.m.m.a.RequestMappingHandlerMapping : Mapped "{[/helloJsp]}" onto public java.lang.String com.zym.blog.controller.TestController.helloJsp(java.util.Map<java.lang.String, java.lang.Object>)
2016-10-14 17:15:40.946  INFO 10712 --- [main] s.w.s.m.m.a.RequestMappingHandlerMapping : Mapped "{[/error]}" onto public org.springframework.http.ResponseEntity<java.util.Map<java.lang.String, java.lang.Object>> org.springframework.boot.autoconfigure.web.BasicErrorController.error(javax.servlet.http.HttpServletRequest)
2016-10-14 17:15:40.947  INFO 10712 --- [main] s.w.s.m.m.a.RequestMappingHandlerMapping : Mapped "{[/error],produces=[text/html]}" onto public org.springframework.web.servlet.ModelAndView org.springframework.boot.autoconfigure.web.BasicErrorController.errorHtml(javax.servlet.http.HttpServletRequest,javax.servlet.http.HttpServletResponse)
2016-10-14 17:15:40.977  INFO 10712 --- [main] o.s.w.s.handler.SimpleUrlHandlerMapping  : Mapped URL path [/webjars/**] onto handler of type [class org.springframework.web.servlet.resource.ResourceHttpRequestHandler]
2016-10-14 17:15:40.978  INFO 10712 --- [main] o.s.w.s.handler.SimpleUrlHandlerMapping  : Mapped URL path [/**] onto handler of type [class org.springframework.web.servlet.resource.ResourceHttpRequestHandler]
2016-10-14 17:15:41.021  INFO 10712 --- [main] o.s.w.s.handler.SimpleUrlHandlerMapping  : Mapped URL path [/**/favicon.ico] onto handler of type [class org.springframework.web.servlet.resource.ResourceHttpRequestHandler]
2016-10-14 17:15:41.323  INFO 10712 --- [main] o.s.j.e.a.AnnotationMBeanExporter        : Registering beans for JMX exposure on startup
2016-10-14 17:15:41.388  INFO 10712 --- [main] s.b.c.e.t.TomcatEmbeddedServletContainer : Tomcat started on port(s): 8090 (http)
2016-10-14 17:15:41.395  INFO 10712 --- [main] com.zym.blog.Application                 : Started Application in 3.852 seconds (JVM running for 4.161)
2016-10-14 17:15:45.326  INFO 10712 --- [http-nio-8090-exec-1] o.a.c.c.C.[Tomcat].[localhost].[/blog]   : Initializing Spring FrameworkServlet 'dispatcherServlet'
2016-10-14 17:15:45.326  INFO 10712 --- [http-nio-8090-exec-1] o.s.web.servlet.DispatcherServlet        : FrameworkServlet 'dispatcherServlet': initialization started
2016-10-14 17:15:45.337  INFO 10712 --- [http-nio-8090-exec-1] o.s.web.servlet.DispatcherServlet        : FrameworkServlet 'dispatcherServlet': initialization completed in 11 ms
